This is pdfTeX, Version 3.14159265-2.6-1.40.21 (TeX Live 2020/Arch Linux) (preloaded format=pdflatex 2021.4.30)  25 MAY 2021 11:42
entering extended mode
 restricted \write18 enabled.
 file:line:error style messages enabled.
 %&-line parsing enabled.
**"/home/khaled/Workspace/LaTeX/Slected Topics Sheet/main.tex"
(/home/khaled/Workspace/LaTeX/Slected Topics Sheet/main.tex
LaTeX2e <2020-10-01> patch level 2
L3 programming layer <2020-12-03> xparse <2020-03-03> (/usr/share/texmf-dist/tex/latex/base/article.cls
Document Class: article 2020/04/10 v1.4m Standard LaTeX document class
(/usr/share/texmf-dist/tex/latex/base/size10.clo
File: size10.clo 2020/04/10 v1.4m Standard LaTeX file (size option)
)
\c@part=\count177
\c@section=\count178
\c@subsection=\count179
\c@subsubsection=\count180
\c@paragraph=\count181
\c@subparagraph=\count182
\c@figure=\count183
\c@table=\count184
\abovecaptionskip=\skip47
\belowcaptionskip=\skip48
\bibindent=\dimen138
) (/usr/share/texmf-dist/tex/latex/graphics/graphicx.sty
Package: graphicx 2020/09/09 v1.2b Enhanced LaTeX Graphics (DPC,SPQR)
 (/usr/share/texmf-dist/tex/latex/graphics/keyval.sty
Package: keyval 2014/10/28 v1.15 key=value parser (DPC)
\KV@toks@=\toks15
) (/usr/share/texmf-dist/tex/latex/graphics/graphics.sty
Package: graphics 2020/08/30 v1.4c Standard LaTeX Graphics (DPC,SPQR)
 (/usr/share/texmf-dist/tex/latex/graphics/trig.sty
Package: trig 2016/01/03 v1.10 sin cos tan (DPC)
) (/usr/share/texmf-dist/tex/latex/graphics-cfg/graphics.cfg
File: graphics.cfg 2016/06/04 v1.11 sample graphics configuration
)
Package graphics Info: Driver file: pdftex.def on input line 105.
 (/usr/share/texmf-dist/tex/latex/graphics-def/pdftex.def
File: pdftex.def 2020/10/05 v1.2a Graphics/color driver for pdftex
))
\Gin@req@height=\dimen139
\Gin@req@width=\dimen140
) (/usr/share/texmf-dist/tex/latex/amsmath/amsmath.sty
Package: amsmath 2020/09/23 v2.17i AMS math features
\@mathmargin=\skip49

For additional information on amsmath, use the `?' option.
(/usr/share/texmf-dist/tex/latex/amsmath/amstext.sty
Package: amstext 2000/06/29 v2.01 AMS text
 (/usr/share/texmf-dist/tex/latex/amsmath/amsgen.sty
File: amsgen.sty 1999/11/30 v2.0 generic functions
\@emptytoks=\toks16
\ex@=\dimen141
)) (/usr/share/texmf-dist/tex/latex/amsmath/amsbsy.sty
Package: amsbsy 1999/11/29 v1.2d Bold Symbols
\pmbraise@=\dimen142
) (/usr/share/texmf-dist/tex/latex/amsmath/amsopn.sty
Package: amsopn 2016/03/08 v2.02 operator names
)
\inf@bad=\count185
LaTeX Info: Redefining \frac on input line 234.
\uproot@=\count186
\leftroot@=\count187
LaTeX Info: Redefining \overline on input line 399.
\classnum@=\count188
\DOTSCASE@=\count189
LaTeX Info: Redefining \ldots on input line 496.
LaTeX Info: Redefining \dots on input line 499.
LaTeX Info: Redefining \cdots on input line 620.
\Mathstrutbox@=\box47
\strutbox@=\box48
\big@size=\dimen143
LaTeX Font Info:    Redeclaring font encoding OML on input line 743.
LaTeX Font Info:    Redeclaring font encoding OMS on input line 744.
\macc@depth=\count190
\c@MaxMatrixCols=\count191
\dotsspace@=\muskip16
\c@parentequation=\count192
\dspbrk@lvl=\count193
\tag@help=\toks17
\row@=\count194
\column@=\count195
\maxfields@=\count196
\andhelp@=\toks18
\eqnshift@=\dimen144
\alignsep@=\dimen145
\tagshift@=\dimen146
\tagwidth@=\dimen147
\totwidth@=\dimen148
\lineht@=\dimen149
\@envbody=\toks19
\multlinegap=\skip50
\multlinetaggap=\skip51
\mathdisplay@stack=\toks20
LaTeX Info: Redefining \[ on input line 2923.
LaTeX Info: Redefining \] on input line 2924.
) (/usr/share/texmf-dist/tex/latex/float/float.sty
Package: float 2001/11/08 v1.3d Float enhancements (AL)
\c@float@type=\count197
\float@exts=\toks21
\float@box=\box49
\@float@everytoks=\toks22
\@floatcapt=\box50
) (/usr/share/texmf-dist/tex/latex/qcircuit/qcircuit.sty
Package: qcircuit 2018/08/14
 (/usr/share/texmf-dist/tex/generic/xypic/xy.sty (/usr/share/texmf-dist/tex/generic/xypic/xy.tex Bootstrap'ing: catcodes, docmode, (/usr/share/texmf-dist/tex/generic/xypic/xyrecat.tex) (/usr/share/texmf-dist/tex/generic/xypic/xyidioms.tex)

 Xy-pic version 3.8.9 <2013/10/06>
 Copyright (c) 1991-2013 by Kristoffer H. Rose <krisrose@tug.org> and others
 Xy-pic is free software: see the User's Guide for details.

Loading kernel: messages; fonts; allocations: state,
\X@c=\dimen150
\Y@c=\dimen151
\U@c=\dimen152
\D@c=\dimen153
\L@c=\dimen154
\R@c=\dimen155
\Edge@c=\toks23
\X@p=\dimen156
\Y@p=\dimen157
\U@p=\dimen158
\D@p=\dimen159
\L@p=\dimen160
\R@p=\dimen161
\Edge@p=\toks24
\X@origin=\dimen162
\Y@origin=\dimen163
\X@xbase=\dimen164
\Y@xbase=\dimen165
\X@ybase=\dimen166
\Y@ybase=\dimen167
\X@min=\dimen168
\Y@min=\dimen169
\X@max=\dimen170
\Y@max=\dimen171
\lastobjectbox@=\box51
\zerodotbox@=\box52
\almostz@=\dimen172
 direction,
\d@X=\dimen173
\d@Y=\dimen174
\K@=\count198
\KK@=\count199
\Direction=\count266
\K@dXdY=\dimen175
\K@dYdX=\dimen176
\xyread@=\read2
\xywrite@=\write3
\csp@=\count267
\quotPTK@=\dimen177
 utility macros; pictures: \xy, positions,
\swaptoks@@=\toks25
\connectobjectbox@@=\box53
 objects,
\styletoks@=\toks26
 decorations; kernel objects: directionals, circles, text; options; algorithms: directions, edges, connections;  Xy-pic loaded) (/usr/share/texmf-dist/tex/generic/iftex/ifpdf.sty
Package: ifpdf 2019/10/25 v3.4 ifpdf legacy package. Use iftex instead.
 (/usr/share/texmf-dist/tex/generic/iftex/iftex.sty
Package: iftex 2020/03/06 v1.0d TeX engine tests
))
Package: xy 2013/10/06 Xy-pic version 3.8.9
 (/usr/share/texmf-dist/tex/generic/xypic/xypdf.tex  Xy-pic option: PDF driver v.1.9 loaded)) (/usr/share/texmf-dist/tex/generic/xypic/xymatrix.tex  Xy-pic option: Matrix feature v.3.14
\Row=\count268
\Col=\count269
\queue@=\toks27
\queue@@=\toks28
\qcount@=\count270
\qcount@@=\count271
\matrixsize@=\count272
 loaded) (/usr/share/texmf-dist/tex/generic/xypic/xyframe.tex  Xy-pic option: Frame and Bracket extension v.3.14 loaded) Xy-pic pdf driver: `frame' extension support (/usr/share/texmf-dist/tex/generic/xypic/xypdf-fr.tex (/usr/share/texmf-dist/tex/generic/xypic/xycurve.tex  Xy-pic option: Curve and Spline extension v.3.12 curve,
\crv@cnt@=\count273
\crvpts@=\toks29
\splinebox@=\box54
\splineval@=\dimen178
\splinedepth@=\dimen179
\splinetol@=\dimen180
\splinelength@=\dimen181
 circles,
\L@=\dimen182
 loaded) Xy-pic pdf driver: `curve' extension support (/usr/share/texmf-dist/tex/generic/xypic/xypdf-cu.tex loaded) loaded) (/usr/share/texmf-dist/tex/generic/xypic/xyarrow.tex  Xy-pic option: Arrow and Path feature v.3.9 path, \ar, loaded) (/usr/share/texmf-dist/tex/generic/xypic/xyarc.tex  Xy-pic option: Circle, Ellipse, Arc feature v.3.8 circles, ellipses, elliptical arcs, loaded)) (/usr/share/texmf-dist/tex/latex/hyperref/hyperref.sty
Package: hyperref 2020-05-15 v7.00e Hypertext links for LaTeX
 (/usr/share/texmf-dist/tex/generic/ltxcmds/ltxcmds.sty
Package: ltxcmds 2020-05-10 v1.25 LaTeX kernel commands for general use (HO)
) (/usr/share/texmf-dist/tex/generic/pdftexcmds/pdftexcmds.sty
Package: pdftexcmds 2020-06-27 v0.33 Utility functions of pdfTeX for LuaTeX (HO)
 (/usr/share/texmf-dist/tex/generic/infwarerr/infwarerr.sty
Package: infwarerr 2019/12/03 v1.5 Providing info/warning/error messages (HO)
)
Package pdftexcmds Info: \pdf@primitive is available.
Package pdftexcmds Info: \pdf@ifprimitive is available.
Package pdftexcmds Info: \pdfdraftmode found.
) (/usr/share/texmf-dist/tex/generic/kvsetkeys/kvsetkeys.sty
Package: kvsetkeys 2019/12/15 v1.18 Key value parser (HO)
) (/usr/share/texmf-dist/tex/generic/kvdefinekeys/kvdefinekeys.sty
Package: kvdefinekeys 2019-12-19 v1.6 Define keys (HO)
) (/usr/share/texmf-dist/tex/generic/pdfescape/pdfescape.sty
Package: pdfescape 2019/12/09 v1.15 Implements pdfTeX's escape features (HO)
) (/usr/share/texmf-dist/tex/latex/hycolor/hycolor.sty
Package: hycolor 2020-01-27 v1.10 Color options for hyperref/bookmark (HO)
) (/usr/share/texmf-dist/tex/latex/letltxmacro/letltxmacro.sty
Package: letltxmacro 2019/12/03 v1.6 Let assignment for LaTeX macros (HO)
) (/usr/share/texmf-dist/tex/latex/auxhook/auxhook.sty
Package: auxhook 2019-12-17 v1.6 Hooks for auxiliary files (HO)
) (/usr/share/texmf-dist/tex/latex/kvoptions/kvoptions.sty
Package: kvoptions 2020-10-07 v3.14 Key value format for package options (HO)
)
\@linkdim=\dimen183
\Hy@linkcounter=\count274
\Hy@pagecounter=\count275
 (/usr/share/texmf-dist/tex/latex/hyperref/pd1enc.def
File: pd1enc.def 2020-05-15 v7.00e Hyperref: PDFDocEncoding definition (HO)
Now handling font encoding PD1 ...
... no UTF-8 mapping file for font encoding PD1
) (/usr/share/texmf-dist/tex/generic/intcalc/intcalc.sty
Package: intcalc 2019/12/15 v1.3 Expandable calculations with integers (HO)
) (/usr/share/texmf-dist/tex/generic/etexcmds/etexcmds.sty
Package: etexcmds 2019/12/15 v1.7 Avoid name clashes with e-TeX commands (HO)
)
\Hy@SavedSpaceFactor=\count276
Package hyperref Info: Hyper figures OFF on input line 4464.
Package hyperref Info: Link nesting OFF on input line 4469.
Package hyperref Info: Hyper index ON on input line 4472.
Package hyperref Info: Plain pages OFF on input line 4479.
Package hyperref Info: Backreferencing OFF on input line 4484.
Package hyperref Info: Implicit mode ON; LaTeX internals redefined.
Package hyperref Info: Bookmarks ON on input line 4717.
\c@Hy@tempcnt=\count277
 (/usr/share/texmf-dist/tex/latex/url/url.sty
\Urlmuskip=\muskip17
Package: url 2013/09/16  ver 3.4  Verb mode for urls, etc.
)
LaTeX Info: Redefining \url on input line 5076.
\XeTeXLinkMargin=\dimen184
 (/usr/share/texmf-dist/tex/generic/bitset/bitset.sty
Package: bitset 2019/12/09 v1.3 Handle bit-vector datatype (HO)
 (/usr/share/texmf-dist/tex/generic/bigintcalc/bigintcalc.sty
Package: bigintcalc 2019/12/15 v1.5 Expandable calculations on big integers (HO)
))
\Fld@menulength=\count278
\Field@Width=\dimen185
\Fld@charsize=\dimen186
Package hyperref Info: Hyper figures OFF on input line 6347.
Package hyperref Info: Link nesting OFF on input line 6352.
Package hyperref Info: Hyper index ON on input line 6355.
Package hyperref Info: backreferencing OFF on input line 6362.
Package hyperref Info: Link coloring OFF on input line 6367.
Package hyperref Info: Link coloring with OCG OFF on input line 6372.
Package hyperref Info: PDF/A mode OFF on input line 6377.
LaTeX Info: Redefining \ref on input line 6417.
LaTeX Info: Redefining \pageref on input line 6421.
 (/usr/share/texmf-dist/tex/latex/base/atbegshi-ltx.sty
Package: atbegshi-ltx 2020/08/17 v1.0a Emulation of the original atbegshi package
with kernel methods
)
\Hy@abspage=\count279
\c@Item=\count280
\c@Hfootnote=\count281
)
Package hyperref Info: Driver (autodetected): hpdftex.
 (/usr/share/texmf-dist/tex/latex/hyperref/hpdftex.def
File: hpdftex.def 2020-05-15 v7.00e Hyperref driver for pdfTeX
 (/usr/share/texmf-dist/tex/latex/base/atveryend-ltx.sty
Package: atveryend-ltx 2020/08/19 v1.0a Emulation of the original atvery package
with kernel methods
)
\Fld@listcount=\count282
\c@bookmark@seq@number=\count283
 (/usr/share/texmf-dist/tex/latex/rerunfilecheck/rerunfilecheck.sty
Package: rerunfilecheck 2019/12/05 v1.9 Rerun checks for auxiliary files (HO)
 (/usr/share/texmf-dist/tex/generic/uniquecounter/uniquecounter.sty
Package: uniquecounter 2019/12/15 v1.4 Provide unlimited unique counter (HO)
)
Package uniquecounter Info: New unique counter `rerunfilecheck' on input line 286.
)
\Hy@SectionHShift=\skip52
) (/usr/share/texmf-dist/tex/latex/graphics/rotating.sty
Package: rotating 2016/08/11 v2.16d rotated objects in LaTeX
 (/usr/share/texmf-dist/tex/latex/base/ifthen.sty
Package: ifthen 2014/09/29 v1.1c Standard LaTeX ifthen package (DPC)
)
\c@r@tfl@t=\count284
\rotFPtop=\skip53
\rotFPbot=\skip54
\rot@float@box=\box55
\rot@mess@toks=\toks30
) (/usr/share/texmf-dist/tex/latex/pdflscape/pdflscape.sty
Package: pdflscape 2019/12/05 v0.12 Display of landscape pages in PDF (HO)
 (/usr/share/texmf-dist/tex/latex/graphics/lscape.sty
Package: lscape 2020/05/28 v3.02 Landscape Pages (DPC)
)
Package pdflscape Info: Auto-detected driver: pdftex on input line 81.
) (/usr/share/texmf-dist/tex/latex/multirow/multirow.sty
Package: multirow 2019/05/31 v2.5 Span multiple rows of a table
\multirow@colwidth=\skip55
\multirow@cntb=\count285
\multirow@dima=\skip56
\bigstrutjot=\dimen187
) (/usr/share/texmf-dist/tex/latex/tools/tabularx.sty
Package: tabularx 2020/01/15 v2.11c `tabularx' package (DPC)
 (/usr/share/texmf-dist/tex/latex/tools/array.sty
Package: array 2020/10/01 v2.5c Tabular extension package (FMi)
\col@sep=\dimen188
\ar@mcellbox=\box56
\extrarowheight=\dimen189
\NC@list=\toks31
\extratabsurround=\skip57
\backup@length=\skip58
\ar@cellbox=\box57
)
\TX@col@width=\dimen190
\TX@old@table=\dimen191
\TX@old@col=\dimen192
\TX@target=\dimen193
\TX@delta=\dimen194
\TX@cols=\count286
\TX@ftn=\toks32
) (/usr/share/texmf-dist/tex/latex/preprint/authblk.sty
Package: authblk 2001/02/27 1.3 (PWD)
\affilsep=\skip59
\@affilsep=\skip60
\c@Maxaffil=\count287
\c@authors=\count288
\c@affil=\count289
) (/usr/share/texmf-dist/tex/latex/amscls/amsthm.sty
Package: amsthm 2020/05/29 v2.20.6
\thm@style=\toks33
\thm@bodyfont=\toks34
\thm@headfont=\toks35
\thm@notefont=\toks36
\thm@headpunct=\toks37
\thm@preskip=\skip61
\thm@postskip=\skip62
\thm@headsep=\skip63
\dth@everypar=\toks38
) (/usr/share/texmf-dist/tex/latex/caption/caption.sty
Package: caption 2020/10/26 v3.5g Customizing captions (AR)
 (/usr/share/texmf-dist/tex/latex/caption/caption3.sty
Package: caption3 2020/10/21 v2.2e caption3 kernel (AR)
\captionmargin=\dimen195
\captionmargin@=\dimen196
\captionwidth=\dimen197
\caption@tempdima=\dimen198
\caption@indent=\dimen199
\caption@parindent=\dimen256
\caption@hangindent=\dimen257
Package caption Info: Standard document class detected.
)
\c@caption@flags=\count290
\c@continuedfloat=\count291
Package caption Info: float package is loaded.
Package caption Info: hyperref package is loaded.
Package caption Info: rotating package is loaded.
) (/usr/share/texmf-dist/tex/latex/caption/subcaption.sty
Package: subcaption 2020/10/07 v1.3j Sub-captions (AR)
\c@subfigure=\count292
\c@subtable=\count293
) (/usr/share/texmf-dist/tex/latex/cite/cite.sty
LaTeX Info: Redefining \cite on input line 302.
LaTeX Info: Redefining \nocite on input line 332.
Package: cite 2015/02/27  v 5.5
) (/usr/share/texmf-dist/tex/latex/graphics/color.sty
Package: color 2020/02/24 v1.2b Standard LaTeX Color (DPC)
 (/usr/share/texmf-dist/tex/latex/graphics-cfg/color.cfg
File: color.cfg 2016/01/02 v1.6 sample color configuration
)
Package color Info: Driver file: pdftex.def on input line 147.
) (/usr/share/texmf-dist/tex/latex/xsim/xsim.sty (/usr/share/texmf-dist/tex/latex/l3kernel/expl3.sty
Package: expl3 2020-12-03 L3 programming layer (loader) 
 (/usr/share/texmf-dist/tex/latex/l3backend/l3backend-pdftex.def
File: l3backend-pdftex.def 2020-09-24 L3 backend support: PDF output (pdfTeX)
\l__kernel_color_stack_int=\count294
\l__pdf_internal_box=\box58
)) (/usr/share/texmf-dist/tex/latex/l3packages/xparse/xparse.sty
Package: xparse 2020-10-27 L3 Experimental document command parser
 (/usr/share/texmf-dist/tex/latex/l3packages/xparse/xparse-generic.tex)) (/usr/share/texmf-dist/tex/latex/l3packages/l3keys2e/l3keys2e.sty
Package: l3keys2e 2020-10-27 LaTeX2e option processing using LaTeX3 keys
)
Package: xsim 2020/04/04 v0.19b eXercise Sheets IMproved
 (/usr/share/texmf-dist/tex/latex/xsim/xsim.modules.code.tex (/usr/share/texmf-dist/tex/latex/koma-script/scrlfile.sty
Package: scrlfile 2020/09/21 v3.32 KOMA-Script package (file load hooks)
 (/usr/share/texmf-dist/tex/latex/koma-script/scrlfile-hook.sty
Package: scrlfile-hook 2020/09/21 v3.32 KOMA-Script package (using LaTeX hooks)
 (/usr/share/texmf-dist/tex/latex/koma-script/scrlogo.sty
Package: scrlogo 2020/09/21 v3.32 KOMA-Script package (logo)
))))

Package xsim Info: Loading module `definitions' ...

 (/usr/share/texmf-dist/tex/latex/xsim/xsim.definitions.code.tex
File: xsim.definitions.code.tex 2020/04/04 v0.19b xsim module `definitions' (definition of user commands)

Package xsim Info: Loading module `base' ...

 (/usr/share/texmf-dist/tex/latex/xsim/xsim.base.code.tex
File: xsim.base.code.tex 2020/04/04 v0.19b xsim module `base' (basic functionality of the package)

Package xsim Info: Loading module `auxfile' ...

 (/usr/share/texmf-dist/tex/latex/xsim/xsim.auxfile.code.tex
File: xsim.auxfile.code.tex 2020/04/04 v0.19b xsim module `auxfile' (writing stuff to an auxiliary file)
)
\l__xsim_tmpa_dim=\dimen258
\l__xsim_tmpb_dim=\dimen259
\l__xsim_tmpc_dim=\dimen260
\l__xsim_tmpa_int=\count295
\l__xsim_tmpb_int=\count296
\l__xsim_tmpc_int=\count297
\l__xsim_tmpa_box=\box59
\l__xsim_tmpb_box=\box60
\l__xsim_tmpc_box=\box61
)

Package xsim Info: Loading module `exercises' ...

 (/usr/share/texmf-dist/tex/latex/xsim/xsim.exercises.code.tex
File: xsim.exercises.code.tex 2020/04/04 v0.19b xsim module `exercises' (main exercises definitions)

Package xsim Info: Loading module `properties' ...

 (/usr/share/texmf-dist/tex/latex/xsim/xsim.properties.code.tex
File: xsim.properties.code.tex 2020/04/04 v0.19b xsim module `properties' (properties of exercises)
)

Package xsim Info: Loading module `environments' ...

 (/usr/share/texmf-dist/tex/latex/xsim/xsim.environments.code.tex
File: xsim.environments.code.tex 2020/04/04 v0.19b xsim module `environments' (generic code for exercise and solution environments)

Package xsim Info: Loading module `templates' ...

 (/usr/share/texmf-dist/tex/latex/xsim/xsim.templates.code.tex
File: xsim.templates.code.tex 2020/04/04 v0.19b xsim module `templates' (templates for typesetting exercises)
)

Package xsim Info: Loading module `verbwrite' ...

 (/usr/share/texmf-dist/tex/latex/xsim/xsim.verbwrite.code.tex
File: xsim.verbwrite.code.tex 2020/04/04 v0.19b xsim module `verbwrite' (write contents of environments verbatim to files)
\l_xsim_line_gobble_int=\count298
))

Package xsim Info: Loading module `solutions' ...

 (/usr/share/texmf-dist/tex/latex/xsim/xsim.solutions.code.tex
File: xsim.solutions.code.tex 2020/04/04 v0.19b xsim module `solutions' (managing solutions)

Package xsim Info: Loading module `tags' ...

 (/usr/share/texmf-dist/tex/latex/xsim/xsim.tags.code.tex
File: xsim.tags.code.tex 2020/04/04 v0.19b xsim module `tags' (tagging of exercises)
)
\l_xsim_printsolutions_section_int=\count299
\l_xsim_printsolutions_chapter_int=\count300
)

Package xsim Info: Loading module `goals' ...

 (/usr/share/texmf-dist/tex/latex/xsim/xsim.goals.code.tex
File: xsim.goals.code.tex 2020/04/04 v0.19b xsim module `goals' (counting of points and bonus points)
)

Package xsim Info: Loading module `collections' ...

 (/usr/share/texmf-dist/tex/latex/xsim/xsim.collections.code.tex
File: xsim.collections.code.tex 2020/04/04 v0.19b xsim module `collections' (collect exercises and print collected exercises)
)
\g_xsim_id_int=\count301
\g_xsim_max_id_int=\count302
 (/usr/share/texmf-dist/tex/latex/etoolbox/etoolbox.sty
Package: etoolbox 2020/10/05 v2.5k e-TeX tools for LaTeX (JAW)
\etb@tempcnta=\count303
))

Package xsim Info: Loading module `blanks' ...

 (/usr/share/texmf-dist/tex/latex/xsim/xsim.blanks.code.tex
File: xsim.blanks.code.tex 2020/04/04 v0.19b xsim module `blanks' (add blanks, cloze)
\l__xsim_blank_dim=\dimen261
\l__xsim_blank_line_increment_dim=\dimen262
\l__xsim_blank_line_minimum_length_dim=\dimen263
\l__xsim_blank_box=\box62
)

Package xsim Info: Loading module `translations' ...

 (/usr/share/texmf-dist/tex/latex/xsim/xsim.translations.code.tex
File: xsim.translations.code.tex 2020/04/04 v0.19b xsim module `translations' (language settings for XSIM)
 (/usr/share/texmf-dist/tex/latex/translations/translations.sty
Package: translations 2020/11/08 v1.9 internationalization of LaTeX2e packages (CN)
))

Package xsim Info: Loading module `interface' ...

 (/usr/share/texmf-dist/tex/latex/xsim/xsim.interface.code.tex
File: xsim.interface.code.tex 2020/04/04 v0.19b xsim module `interface' (user interface)
)

Package xsim Info: Loading module `grades' ...

 (/usr/share/texmf-dist/tex/latex/xsim/xsim.grades.code.tex
File: xsim.grades.code.tex 2020/04/04 v0.19b xsim module `grades' (distribute goal sums to grades)
)

Package xsim Info: Loading module `random' ...

 (/usr/share/texmf-dist/tex/latex/xsim/xsim.random.code.tex
File: xsim.random.code.tex 2020/04/04 v0.19b xsim module `random' (randomly select exercises from collections)
\g__xsim_random_list_id_int=\count304
)
\c@exercise=\count305
\c@solution=\count306
\c@numberofexercises=\count307
 (/usr/share/texmf-dist/tex/latex/booktabs/booktabs.sty
Package: booktabs 2020/01/12 v1.61803398 Publication quality tables
\heavyrulewidth=\dimen264
\lightrulewidth=\dimen265
\cmidrulewidth=\dimen266
\belowrulesep=\dimen267
\belowbottomsep=\dimen268
\aboverulesep=\dimen269
\abovetopsep=\dimen270
\cmidrulesep=\dimen271
\cmidrulekern=\dimen272
\defaultaddspace=\dimen273
\@cmidla=\count308
\@cmidlb=\count309
\@aboverulesep=\dimen274
\@belowrulesep=\dimen275
\@thisruleclass=\count310
\@lastruleclass=\count311
\@thisrulewidth=\dimen276
))) (/usr/share/texmf-dist/tex/latex/needspace/needspace.sty
Package: needspace 2010/09/12 v1.3d reserve vertical space
) (/usr/share/texmf-dist/tex/latex/tasks/tasks.sty (/usr/share/texmf-dist/tex/latex/l3packages/xtemplate/xtemplate.sty
Package: xtemplate 2020-10-27 L3 Experimental prototype document functions
\l__xtemplate_tmp_dim=\dimen277
\l__xtemplate_tmp_int=\count312
\l__xtemplate_tmp_muskip=\muskip18
\l__xtemplate_tmp_skip=\skip64
)
Package: tasks 2020/08/19 v1.3 lists with columns filled horizontally
\g__tasks_total_items_int=\count313
\l__tasks_columns_int=\count314
\g__tasks_rows_int=\count315
\g__tasks_current_col_num_int=\count316
\g__tasks_current_row_num_int=\count317
\l__tasks_item_columns_int=\count318
\g__tasks_env_int=\count319
\l__tasks_start_int=\count320
\l__tasks_item_indent_dim=\dimen278
\l__tasks_item_default_indent_dim=\dimen279
\l__tasks_item_width_dim=\dimen280
\l__tasks_label_width_dim=\dimen281
\l__tasks_label_default_width_dim=\dimen282
\l__tasks_label_offset_dim=\dimen283
\l__tasks_label_default_offset_dim=\dimen284
\l__tasks_column_sep_dim=\dimen285
\l__tasks_correction_dim=\dimen286
\l__tasks_full_width_dim=\dimen287
\l__tasks_after_item_skip=\skip65
\l__tasks_custom_after_item_skip=\skip66
\l__tasks_before_list_skip=\skip67
\l__tasks_after_list_skip=\skip68
\l__tasks_item_coffin=\box63
\l__tasks_label_coffin=\box64
\c@task=\count321
\l__tasks_tmpa_int=\count322
\l__tasks_tmpb_int=\count323
\l__tasks_tmpa_coffin=\box65
\l__tasks_tmpa_box=\box66

Package xtemplate Info: Declaring object type 'tasks' taking 3 argument(s) on
(xtemplate)             line 443.

 (/usr/share/texmf-dist/tex/latex/tasks/tasks.cfg))
Package translations Info: No language package found. I am going to use `english' as default language. on input line 51.
 (/home/khaled/Workspace/LaTeX/Slected Topics Sheet/main.aux (/home/khaled/Workspace/LaTeX/Slected Topics Sheet/main.xsim))
LaTeX Font Info:    Checking defaults for OML/cmm/m/it on input line 51.
LaTeX Font Info:    ... okay on input line 51.
LaTeX Font Info:    Checking defaults for OMS/cmsy/m/n on input line 51.
LaTeX Font Info:    ... okay on input line 51.
LaTeX Font Info:    Checking defaults for OT1/cmr/m/n on input line 51.
LaTeX Font Info:    ... okay on input line 51.
LaTeX Font Info:    Checking defaults for T1/cmr/m/n on input line 51.
LaTeX Font Info:    ... okay on input line 51.
LaTeX Font Info:    Checking defaults for TS1/cmr/m/n on input line 51.
LaTeX Font Info:    ... okay on input line 51.
LaTeX Font Info:    Checking defaults for OMX/cmex/m/n on input line 51.
LaTeX Font Info:    ... okay on input line 51.
LaTeX Font Info:    Checking defaults for U/cmr/m/n on input line 51.
LaTeX Font Info:    ... okay on input line 51.
LaTeX Font Info:    Checking defaults for PD1/pdf/m/n on input line 51.
LaTeX Font Info:    ... okay on input line 51.
 (/usr/share/texmf-dist/tex/context/base/mkii/supp-pdf.mkii
[Loading MPS to PDF converter (version 2006.09.02).]
\scratchcounter=\count324
\scratchdimen=\dimen288
\scratchbox=\box67
\nofMPsegments=\count325
\nofMParguments=\count326
\everyMPshowfont=\toks39
\MPscratchCnt=\count327
\MPscratchDim=\dimen289
\MPnumerator=\count328
\makeMPintoPDFobject=\count329
\everyMPtoPDFconversion=\toks40
) (/usr/share/texmf-dist/tex/latex/epstopdf-pkg/epstopdf-base.sty
Package: epstopdf-base 2020-01-24 v2.11 Base part for package epstopdf
Package epstopdf-base Info: Redefining graphics rule for `.eps' on input line 485.
 (/usr/share/texmf-dist/tex/latex/latexconfig/epstopdf-sys.cfg
File: epstopdf-sys.cfg 2010/07/13 v1.3 Configuration of (r)epstopdf for TeX Live
))
Package xypdf Info: Line width: 0.39998pt on input line 51.
Package hyperref Info: Link coloring OFF on input line 51.
 (/usr/share/texmf-dist/tex/latex/hyperref/nameref.sty
Package: nameref 2019/09/16 v2.46 Cross-referencing by name of section
 (/usr/share/texmf-dist/tex/latex/refcount/refcount.sty
Package: refcount 2019/12/15 v3.6 Data extraction from label references (HO)
) (/usr/share/texmf-dist/tex/generic/gettitlestring/gettitlestring.sty
Package: gettitlestring 2019/12/15 v1.6 Cleanup title references (HO)
)
\c@section@level=\count330
)
LaTeX Info: Redefining \ref on input line 51.
LaTeX Info: Redefining \pageref on input line 51.
LaTeX Info: Redefining \nameref on input line 51.
 (/home/khaled/Workspace/LaTeX/Slected Topics Sheet/main.out) (/home/khaled/Workspace/LaTeX/Slected Topics Sheet/main.out)
\@outlinefile=\write4
Package caption Info: Begin \AtBeginDocument code.
Package caption Info: End \AtBeginDocument code.
\l__xsim_aux_file_iow=\write5
 (/usr/share/texmf-dist/tex/latex/translations/translations-basic-dictionary-english.trsl
File: translations-basic-dictionary-english.trsl (english translation file `translations-basic-dictionary')
)
Package translations Info: loading dictionary `translations-basic-dictionary' for `english'. on input line 51.
<assets/images/The-architecture-of-IBM-Q-Experiences-5-qubit-quantum-computer-IBMQX2-cited-from-20.png, id=8, 255.95625pt x 255.95625pt>
File: assets/images/The-architecture-of-IBM-Q-Experiences-5-qubit-quantum-computer-IBMQX2-cited-from-20.png Graphic file (type png)
<use assets/images/The-architecture-of-IBM-Q-Experiences-5-qubit-quantum-computer-IBMQX2-cited-from-20.png>
Package pdftex.def Info: assets/images/The-architecture-of-IBM-Q-Experiences-5-qubit-quantum-computer-IBMQX2-cited-from-20.png  used on input line 111.
(pdftex.def)             Requested size: 71.13219pt x 71.13219pt.
 <xymatrix 7x5 1298> <xymatrix 7x5 1298> <xymatrix 9x2 896> <xymatrix 9x2 896> <xymatrix 7x2 500> <xymatrix 7x2 500> [1

{/var/lib/texmf/fonts/map/pdftex/updmap/pdftex.map} </home/khaled/Workspace/LaTeX/Slected Topics Sheet/assets/images/The-architecture-of-IBM-Q-Experiences-5-qubit-quantum-computer-IBMQX2-cited-from-20.png>] <xymatrix 6x3 686> <xymatrix 6x3 686> <xymatrix 5x4 570> <xymatrix 5x4 570> <xymatrix 5x3 436> <xymatrix 5x3 436> <xymatrix 5x2 280> <xymatrix 5x2 280> <xymatrix 5x1 124> <xymatrix 5x1 124> [2]

Package tasks Warning: You've placed
(tasks)                
(tasks)                \par \par \par 
(tasks)                
(tasks)                before the first \task  on line 241. I will throw it
(tasks)                away and ignore it for the rest of the list.


Overfull \hbox (25.00003pt too wide) in paragraph at lines 241--241
 [] 
 []

[3] (/home/khaled/Workspace/LaTeX/Slected Topics Sheet/main.aux (/home/khaled/Workspace/LaTeX/Slected Topics Sheet/main.xsim))
Package rerunfilecheck Info: File `main.out' has not changed.
(rerunfilecheck)             Checksum: D41D8CD98F00B204E9800998ECF8427E;0.
 ) 
Here is how much of TeX's memory you used:
 14454 strings out of 479383
 272238 string characters out of 5875830
 697984 words of memory out of 5000000
 31252 multiletter control sequences out of 15000+600000
 406652 words of font info for 40 fonts, out of 8000000 for 9000
 1141 hyphenation exceptions out of 8191
 109i,34n,118p,9460b,1448s stack positions out of 5000i,500n,10000p,200000b,80000s
</usr/share/texmf-dist/fonts/type1/public/amsfonts/cm/cmex10.pfb></usr/share/texmf-dist/fonts/type1/public/amsfonts/cm/cmmi10.pfb></usr/share/texmf-dist/fonts/type1/public/amsfonts/cm/cmmi7.pfb></usr/share/texmf-dist/fonts/type1/public/amsfonts/cm/cmr10.pfb></usr/share/texmf-dist/fonts/type1/public/amsfonts/cm/cmr7.pfb></usr/share/texmf-dist/fonts/type1/public/amsfonts/cm/cmr9.pfb></usr/share/texmf-dist/fonts/type1/public/amsfonts/cm/cmss9.pfb></usr/share/texmf-dist/fonts/type1/public/amsfonts/cm/cmssbx10.pfb></usr/share/texmf-dist/fonts/type1/public/amsfonts/cm/cmsy10.pfb></usr/share/texmf-dist/fonts/type1/public/amsfonts/cm/cmsy7.pfb></usr/share/texmf-dist/fonts/type1/public/amsfonts/cm/cmti10.pfb></usr/share/texmf-dist/fonts/type1/public/amsfonts/cm/cmti9.pfb>
Output written on "/home/khaled/Workspace/LaTeX/Slected Topics Sheet/main.pdf" (3 pages, 135032 bytes).
PDF statistics:
 103 PDF objects out of 1000 (max. 8388607)
 83 compressed objects within 1 object stream
 24 named destinations out of 1000 (max. 500000)
 6 words of extra memory for PDF output out of 10000 (max. 10000000)

